<?xml version="1.0" encoding="UTF-8"?>
<testng-results ignored="0" total="2" passed="2" failed="0" skipped="0">
  <reporter-output>
  </reporter-output>
  <suite started-at="2021-04-29T12:31:58 GMT-05:00" name="Default suite" finished-at="2021-04-29T12:32:03 GMT-05:00" duration-ms="5542">
    <groups>
    </groups>
    <test started-at="2021-04-29T12:31:58 GMT-05:00" name="Default test" finished-at="2021-04-29T12:32:03 GMT-05:00" duration-ms="5542">
      <class name="api.Test01_Get">
        <test-method signature="test()[pri:0, instance:api.Test01_Get@61dd025]" started-at="2021-04-29T12:31:58 GMT-05:00" name="test" finished-at="2021-04-29T12:32:02 GMT-05:00" duration-ms="3885" status="PASS">
          <reporter-output>
          </reporter-output>
        </test-method> <!-- test -->
        <test-method signature="test1()[pri:0, instance:api.Test01_Get@61dd025]" started-at="2021-04-29T12:32:02 GMT-05:00" name="test1" finished-at="2021-04-29T12:32:03 GMT-05:00" duration-ms="1563" status="PASS">
          <reporter-output>
          </reporter-output>
        </test-method> <!-- test1 -->
      </class> <!-- api.Test01_Get -->
    </test> <!-- Default test -->
  </suite> <!-- Default suite -->
</testng-results>
