<?xml version="1.0" encoding="UTF-8"?>
<testng-results ignored="2" total="3" passed="1" failed="0" skipped="0">
  <reporter-output>
  </reporter-output>
  <suite started-at="2021-04-30T14:50:16 GMT-05:00" name="Default suite" finished-at="2021-04-30T14:50:19 GMT-05:00" duration-ms="2512">
    <groups>
    </groups>
    <test started-at="2021-04-30T14:50:16 GMT-05:00" name="Default test" finished-at="2021-04-30T14:50:19 GMT-05:00" duration-ms="2512">
      <class name="api.Test01_Get">
        <test-method is-config="true" signature="setup()[pri:0, instance:api.Test01_Get@318ba8c8]" started-at="2021-04-30T14:50:16 GMT-05:00" name="setup" finished-at="2021-04-30T14:50:17 GMT-05:00" duration-ms="726" status="PASS">
          <reporter-output>
          </reporter-output>
        </test-method> <!-- setup -->
        <test-method signature="basicPing()[pri:0, instance:api.Test01_Get@318ba8c8]" started-at="2021-04-30T14:50:17 GMT-05:00" name="basicPing" finished-at="2021-04-30T14:50:19 GMT-05:00" duration-ms="1727" status="PASS">
          <reporter-output>
          </reporter-output>
        </test-method> <!-- basicPing -->
      </class> <!-- api.Test01_Get -->
    </test> <!-- Default test -->
  </suite> <!-- Default suite -->
</testng-results>
