<?xml version="1.0" encoding="UTF-8"?>
<!-- Generated by org.testng.reporters.JUnitXMLReporter -->
<testsuite ignored="2" hostname="DESKTOP-UA41MGR" failures="0" tests="1" name="Default test" time="2.512" errors="0" timestamp="2021-04-30T14:50:19 GMT-05:00">
  <testcase classname="api.Test01_Get" name="basicPing" time="1.727"/>
  <testcase classname="api.Test01_Get" name="test" time="0.0">
    <ignored/>
  </testcase> <!-- test -->
  <testcase classname="api.Test01_Get" name="test1" time="0.0">
    <ignored/>
  </testcase> <!-- test1 -->
</testsuite> <!-- Default test -->
