<?xml version="1.0" encoding="UTF-8"?>
<testng-results ignored="2" total="4" passed="2" failed="0" skipped="0">
  <reporter-output>
  </reporter-output>
  <suite started-at="2021-01-19T01:40:00 GMT-06:00" name="Suite" finished-at="2021-01-19T01:40:11 GMT-06:00" duration-ms="10419">
    <groups>
    </groups>
    <test started-at="2021-01-19T01:40:00 GMT-06:00" name="Chrome" finished-at="2021-01-19T01:40:05 GMT-06:00" duration-ms="4893">
      <class name="tests.Selenium">
        <test-method signature="chrome()[pri:1, instance:tests.Selenium@161479c6]" started-at="2021-01-19T01:40:00 GMT-06:00" name="chrome" finished-at="2021-01-19T01:40:05 GMT-06:00" duration-ms="4784" status="PASS">
          <reporter-output>
          </reporter-output>
        </test-method> <!-- chrome -->
        <test-method is-config="true" signature="afterMethod()[pri:0, instance:tests.Selenium@161479c6]" started-at="2021-01-19T01:40:05 GMT-06:00" name="afterMethod" finished-at="2021-01-19T01:40:05 GMT-06:00" duration-ms="65" status="PASS">
          <reporter-output>
          </reporter-output>
        </test-method> <!-- afterMethod -->
      </class> <!-- tests.Selenium -->
    </test> <!-- Chrome -->
    <test started-at="2021-01-19T01:40:05 GMT-06:00" name="Firefox" finished-at="2021-01-19T01:40:11 GMT-06:00" duration-ms="5469">
      <class name="tests.Selenium">
        <test-method signature="firefox()[pri:2, instance:tests.Selenium@5be6e01c]" started-at="2021-01-19T01:40:05 GMT-06:00" name="firefox" finished-at="2021-01-19T01:40:10 GMT-06:00" duration-ms="4893" status="PASS">
          <reporter-output>
          </reporter-output>
        </test-method> <!-- firefox -->
        <test-method is-config="true" signature="afterMethod()[pri:0, instance:tests.Selenium@5be6e01c]" started-at="2021-01-19T01:40:10 GMT-06:00" name="afterMethod" finished-at="2021-01-19T01:40:11 GMT-06:00" duration-ms="570" status="PASS">
          <reporter-output>
          </reporter-output>
        </test-method> <!-- afterMethod -->
      </class> <!-- tests.Selenium -->
    </test> <!-- Firefox -->
  </suite> <!-- Suite -->
</testng-results>
