<?xml version="1.0" encoding="UTF-8"?>
<testng-results ignored="0" total="1" passed="1" failed="0" skipped="0">
  <reporter-output>
  </reporter-output>
  <suite started-at="2021-03-09T15:22:01 GMT-06:00" name="Default suite" finished-at="2021-03-09T15:22:18 GMT-06:00" duration-ms="17209">
    <groups>
      <group name="cucumber">
        <method signature="AbstractTestNGCucumberTests.feature(cucumber.api.testng.CucumberFeatureWrapper)[pri:0, instance:main.runTest@481a996b]" name="feature" class="cucumber.api.testng.AbstractTestNGCucumberTests"/>
      </group> <!-- cucumber -->
    </groups>
    <test started-at="2021-03-09T15:22:01 GMT-06:00" name="Default test" finished-at="2021-03-09T15:22:18 GMT-06:00" duration-ms="17209">
      <class name="main.runTest">
        <test-method is-config="true" signature="setUpClass()[pri:0, instance:main.runTest@481a996b]" started-at="2021-03-09T15:22:01 GMT-06:00" name="setUpClass" finished-at="2021-03-09T15:22:01 GMT-06:00" duration-ms="265" status="PASS">
          <reporter-output>
          </reporter-output>
        </test-method> <!-- setUpClass -->
        <test-method signature="feature(cucumber.api.testng.CucumberFeatureWrapper)[pri:0, instance:main.runTest@481a996b]" started-at="2021-03-09T15:22:02 GMT-06:00" name="feature" description="Runs Cucumber Feature" data-provider="features" finished-at="2021-03-09T15:22:18 GMT-06:00" duration-ms="16751" status="PASS">
          <params>
            <param index="0">
              <value>
                <![CDATA[Search]]>
              </value>
            </param>
          </params>
          <reporter-output>
          </reporter-output>
        </test-method> <!-- feature -->
        <test-method is-config="true" signature="tearDownClass()[pri:0, instance:main.runTest@481a996b]" started-at="2021-03-09T15:22:18 GMT-06:00" name="tearDownClass" finished-at="2021-03-09T15:22:18 GMT-06:00" duration-ms="6" status="PASS">
          <reporter-output>
          </reporter-output>
        </test-method> <!-- tearDownClass -->
      </class> <!-- main.runTest -->
    </test> <!-- Default test -->
  </suite> <!-- Default suite -->
</testng-results>
