<?xml version="1.0" encoding="UTF-8"?>
<testng-results ignored="0" total="2" passed="2" failed="0" skipped="0">
  <reporter-output>
  </reporter-output>
  <suite started-at="2021-05-10T21:51:23 GMT-05:00" name="Default suite" finished-at="2021-05-10T21:51:28 GMT-05:00" duration-ms="4972">
    <groups>
    </groups>
    <test started-at="2021-05-10T21:51:23 GMT-05:00" name="Default test" finished-at="2021-05-10T21:51:28 GMT-05:00" duration-ms="4972">
      <class name="main.ReportTest">
        <test-method is-config="true" signature="startTest()[pri:0, instance:main.ReportTest@60d8c9b7]" started-at="2021-05-10T21:51:23 GMT-05:00" name="startTest" finished-at="2021-05-10T21:51:27 GMT-05:00" duration-ms="3469" status="PASS">
          <reporter-output>
          </reporter-output>
        </test-method> <!-- startTest -->
        <test-method signature="extentReportsDemo()[pri:0, instance:main.ReportTest@60d8c9b7]" started-at="2021-05-10T21:51:27 GMT-05:00" name="extentReportsDemo" finished-at="2021-05-10T21:51:27 GMT-05:00" duration-ms="148" status="PASS">
          <reporter-output>
          </reporter-output>
        </test-method> <!-- extentReportsDemo -->
        <test-method signature="extentReportsDemo2()[pri:0, instance:main.ReportTest@60d8c9b7]" started-at="2021-05-10T21:51:27 GMT-05:00" name="extentReportsDemo2" finished-at="2021-05-10T21:51:27 GMT-05:00" duration-ms="8" status="PASS">
          <reporter-output>
          </reporter-output>
        </test-method> <!-- extentReportsDemo2 -->
        <test-method is-config="true" signature="endTest()[pri:0, instance:main.ReportTest@60d8c9b7]" started-at="2021-05-10T21:51:27 GMT-05:00" name="endTest" finished-at="2021-05-10T21:51:28 GMT-05:00" duration-ms="1309" status="PASS">
          <reporter-output>
          </reporter-output>
        </test-method> <!-- endTest -->
      </class> <!-- main.ReportTest -->
    </test> <!-- Default test -->
  </suite> <!-- Default suite -->
</testng-results>
